Bangalore	Koramangala	Baby Products	233.65

Bangalore	Majestic	Hair Care	198.99
Bad data packet
Bangalore	MG Road	Beverages	92.75
Bangalore	MG Road	Beverages	0
Bangalore	MG Road	Baby Products	92.75
Bangalore	MG Road	Beverages	92.75
Bangalore	Koramangala	233.65

Bangalore	MG Road	Hair Care	92.75
Bad data packet
Bangalore	Majestic	Baby Products	198.99
Bangalore	Majestic	Baby Products	198.99
Bangalore	Majestic	Hair Care	198.99
Bad data packet
Bangalore	Majestic	Baby Products	198.99

Bangalore	Majestic	Baby Products	198.99
Bangalore	Majestic	Beverages	198.99
Bangalore	Koramangala	Hair Care	0
Bad data packet
Bangalore	Koramangala	Beverages	0
Bad data packet
Bangalore	Koramangala	Baby Products	233.65
Bangalore	Koramangala	Baby Products	233.65
Bangalore	Koramangala	Beverages	233.65